{
  "RSpec": {
    "coverage": {
      "/home/Indhu1/code/labs/tic-tac-toe-rb-kwk-000/lib/tic_tac_toe.rb": [
        null,
        1,
        null,
        null,
        null,
        null,
        null,
        null,
        null,
        null,
        null,
        null,
        null,
        1,
        24,
        24,
        24,
        24,
        24,
        null,
        null,
        1,
        23,
        null,
        null,
        1,
        22,
        null,
        null,
        1,
        25,
        null,
        null,
        1,
        23,
        null,
        null,
        1,
        20,
        20,
        20,
        20,
        19,
        19,
        null,
        1,
        null,
        null,
        null,
        1,
        21,
        21,
        189,
        null,
        21,
        null,
        null,
        1,
        20,
        20,
        20,
        null,
        null,
        1,
        69,
        null,
        438,
        438,
        438,
        null,
        438,
        438,
        438,
        null,
        438,
        22,
        null,
        416,
        8,
        null,
        null,
        39,
        null,
        null,
        1,
        35,
        35,
        150,
        28,
        null,
        null,
        7,
        null,
        null,
        null,
        1,
        27,
        3,
        null,
        24,
        null,
        null,
        null,
        1,
        28,
        16,
        null,
        12,
        null,
        null,
        null,
        1,
        7,
        6,
        null,
        null,
        null,
        null,
        null,
        1,
        12,
        17,
        null,
        null,
        12,
        4,
        8,
        3,
        null,
        null
      ]
    },
    "timestamp": 1465590083
  }
}
