{
  "RSpec": {
    "coverage": {
      "/home/Indhu1/code/labs/tic-tac-toe-rb-kwk-000/lib/tic_tac_toe.rb": [
        null,
        1,
        null,
        null,
        null,
        null,
        null,
        null,
        null,
        null,
        null,
        null,
        null,
        1,
        4,
        4,
        4,
        4,
        4,
        null,
        null,
        1,
        6,
        null,
        null,
        1,
        5,
        null,
        null,
        1,
        8,
        null,
        null,
        1,
        6,
        null,
        null,
        1,
        3,
        3,
        3,
        3,
        2,
        2,
        null,
        1,
        null,
        null,
        null,
        1,
        4,
        4,
        36,
        null,
        4,
        null,
        null,
        1,
        3,
        3,
        3,
        null,
        null,
        1,
        17,
        null,
        117,
        117,
        117,
        null,
        117,
        117,
        117,
        null,
        117,
        7,
        null,
        110,
        3,
        null,
        null,
        7,
        null,
        null,
        1,
        8,
        8,
        39,
        5,
        null,
        null,
        3,
        null,
        null,
        null,
        1,
        8,
        1,
        null,
        7,
        null,
        null,
        null,
        1,
        6,
        4,
        null,
        2,
        null,
        null,
        null,
        1,
        3,
        2,
        null,
        null,
        null,
        null,
        null,
        1,
        0,
        0,
        null,
        null,
        0,
        0,
        0,
        0,
        null,
        null
      ]
    },
    "timestamp": 1465588906
  }
}
